<?xml version="1.0" encoding="UTF-8" ?>
<testsuite tests="1" failures="0" name="br.com.MyResourceTest" time="0.805" errors="1" skipped="0">
  <properties>
[...]
</properties>
  <testcase classname="br.com.MyResourceTest" name="testGetIt" time="0.805">
    <error message="EXCLUDE_EMPTY" type="java.lang.NoSuchFieldError">java.lang.NoSuchFieldError: EXCLUDE_EMPTY
	at org.glassfish.jersey.client.ClientConfig$State.&lt;init&gt;(ClientConfig.java:150)
	at org.glassfish.jersey.client.ClientConfig.&lt;init&gt;(ClientConfig.java:468)
	at org.glassfish.jersey.test.JerseyTest.getClient(JerseyTest.java:654)
	at org.glassfish.jersey.test.JerseyTest.setUp(JerseyTest.java:590)
	at sun.reflect.NativeMethodAccessorImpl.invoke0(Native Method)
	at sun.reflect.NativeMethodAccessorImpl.invoke(NativeMethodAccessorImpl.java:62)
	at sun.reflect.DelegatingMethodAccessorImpl.invoke(DelegatingMethodAccessorImpl.java:43)
	at java.lang.reflect.Method.invoke(Method.java:498)
	at org.junit.runners.model.FrameworkMethod$1.runReflectiveCall(FrameworkMethod.java:50)
	at org.junit.internal.runners.model.ReflectiveCallable.run(ReflectiveCallable.java:12)
	at org.junit.runners.model.FrameworkMethod.invokeExplosively(FrameworkMethod.java:47)
	at org.junit.internal.runners.statements.RunBefores.evaluate(RunBefores.java:24)
	at org.junit.internal.runners.statements.RunAfters.evaluate(RunAfters.java:27)
	at org.junit.runners.ParentRunner.runLeaf(ParentRunner.java:325)
	at org.junit.runners.BlockJUnit4ClassRunner.runChild(BlockJUnit4ClassRunner.java:78)
	at org.junit.runners.BlockJUnit4ClassRunner.runChild(BlockJUnit4ClassRunner.java:57)
	at org.junit.runners.ParentRunner$3.run(ParentRunner.java:290)
	at org.junit.runners.ParentRunner$1.schedule(ParentRunner.java:71)
	at org.junit.runners.ParentRunner.runChildren(ParentRunner.java:288)
	at org.junit.runners.ParentRunner.access$000(ParentRunner.java:58)
	at org.junit.runners.ParentRunner$2.evaluate(ParentRunner.java:268)
	at org.junit.runners.ParentRunner.run(ParentRunner.java:363)
	at org.apache.maven.surefire.junit4.JUnit4Provider.execute(JUnit4Provider.java:252)
	at org.apache.maven.surefire.junit4.JUnit4Provider.executeTestSet(JUnit4Provider.java:141)
	at org.apache.maven.surefire.junit4.JUnit4Provider.invoke(JUnit4Provider.java:112)
	at sun.reflect.NativeMethodAccessorImpl.invoke0(Native Method)
	at sun.reflect.NativeMethodAccessorImpl.invoke(NativeMethodAccessorImpl.java:62)
	at sun.reflect.DelegatingMethodAccessorImpl.invoke(DelegatingMethodAccessorImpl.java:43)
	at java.lang.reflect.Method.invoke(Method.java:498)
	at org.apache.maven.surefire.util.ReflectionUtils.invokeMethodWithArray(ReflectionUtils.java:189)
	at org.apache.maven.surefire.booter.ProviderFactory$ProviderProxy.invoke(ProviderFactory.java:165)
	at org.apache.maven.surefire.booter.ProviderFactory.invokeProvider(ProviderFactory.java:85)
	at org.apache.maven.surefire.booter.ForkedBooter.runSuitesInProcess(ForkedBooter.java:115)
	at org.apache.maven.surefire.booter.ForkedBooter.main(ForkedBooter.java:75)
</error>
    <system-err>nov 29, 2019 7:10:12 PM org.glassfish.jersey.test.jetty.JettyTestContainerFactory$JettyTestContainer &lt;init&gt;
INFORMA��ES: Creating JettyTestContainer configured at the base URI http://localhost:9998/
2019-11-29 19:10:12.784:INFO::main: Logging initialized @431ms to org.eclipse.jetty.util.log.StdErrLog
2019-11-29 19:10:13.389:INFO:oejs.Server:main: jetty-9.4.19.v20190610; built: 2019-06-10T16:30:51.723Z; git: afcf563148970e98786327af5e07c261fda175d3; jvm 1.8.0_221-b11
2019-11-29 19:10:13.486:INFO:oejs.AbstractConnector:main: Started ServerConnector@59e2d8e3{HTTP/1.1,[http/1.1]}{0.0.0.0:9998}
2019-11-29 19:10:13.486:INFO:oejs.Server:main: Started @1133ms
2019-11-29 19:10:13.493:INFO:oejs.AbstractConnector:main: Stopped ServerConnector@59e2d8e3{HTTP/1.1,[http/1.1]}{0.0.0.0:9998}
</system-err>
  </testcase>
</testsuite>